<?xml version="1.0" encoding="UTF-8"?>
<testng-results ignored="3" total="4" passed="1" failed="0" skipped="0">
  <reporter-output>
  </reporter-output>
  <suite started-at="2024-03-31T19:27:04 IST" name="Default suite" finished-at="2024-03-31T19:27:26 IST" duration-ms="21552">
    <groups>
    </groups>
    <test started-at="2024-03-31T19:27:04 IST" name="Default test" finished-at="2024-03-31T19:27:26 IST" duration-ms="21552">
      <class name="Login.Kcredit">
        <test-method is-config="true" signature="beforeClassConfiguration()[pri:0, instance:Login.Kcredit@1bd4fdd]" started-at="2024-03-31T19:27:04 IST" name="beforeClassConfiguration" finished-at="2024-03-31T19:27:08 IST" duration-ms="3662" status="PASS">
          <reporter-output>
          </reporter-output>
        </test-method> <!-- beforeClassConfiguration -->
        <test-method is-config="true" signature="beforeMethodConfiguration()[pri:0, instance:Login.Kcredit@1bd4fdd]" started-at="2024-03-31T19:27:08 IST" name="beforeMethodConfiguration" finished-at="2024-03-31T19:27:10 IST" duration-ms="1854" status="PASS">
          <reporter-output>
          </reporter-output>
        </test-method> <!-- beforeMethodConfiguration -->
        <test-method signature="editInUnderWritingScreen()[pri:0, instance:Login.Kcredit@1bd4fdd]" started-at="2024-03-31T19:27:10 IST" name="editInUnderWritingScreen" finished-at="2024-03-31T19:27:22 IST" duration-ms="12667" status="PASS">
          <reporter-output>
          </reporter-output>
        </test-method> <!-- editInUnderWritingScreen -->
        <test-method is-config="true" signature="afterMethodConfiguration()[pri:0, instance:Login.Kcredit@1bd4fdd]" started-at="2024-03-31T19:27:22 IST" name="afterMethodConfiguration" finished-at="2024-03-31T19:27:26 IST" duration-ms="3330" status="PASS">
          <reporter-output>
          </reporter-output>
        </test-method> <!-- afterMethodConfiguration -->
      </class> <!-- Login.Kcredit -->
    </test> <!-- Default test -->
  </suite> <!-- Default suite -->
</testng-results>
