<?xml version="1.0" encoding="UTF-8"?>
<!-- Generated by org.testng.reporters.JUnitXMLReporter -->
<testsuite ignored="1" hostname="KPL-GOKUL" failures="0" tests="1" name="Default test" time="20.155" errors="0" timestamp="2024-03-27T02:16:16 IST">
  <testcase classname="Login.Kcredit" name="searchApplicationInLoanReviewModule" time="12.269"/>
  <testcase classname="Login.Kcredit" name="searchApplicationInLoanEntryModule" time="0.0">
    <ignored/>
  </testcase> <!-- searchApplicationInLoanEntryModule -->
</testsuite> <!-- Default test -->
